<?xml version="1.0" encoding="UTF-8"?>
<!-- Generated by org.testng.reporters.JUnitReportReporter -->
<testsuite hostname="PHL3LF2SV3" failures="0" tests="1" name="magento.TC01" time="59.214" errors="0" timestamp="11 Nov 2024 08:02:12 GMT" skipped="0">
  <testcase classname="magento.TC01" name="TestCase001" time="59.214"/>
</testsuite> <!-- magento.TC01 -->
