<?xml version="1.0" encoding="UTF-8"?>
<!-- Generated by org.testng.reporters.JUnitReportReporter -->
<testsuite hostname="PHL3LF2SV3" failures="0" tests="1" name="tricentis.TC01" time="9.239" errors="0" timestamp="25 Sep 2024 07:33:51 GMT" skipped="0">
  <testcase classname="tricentis.TC01" name="TestCase001" time="9.239"/>
</testsuite> <!-- tricentis.TC01 -->
