<?xml version="1.0" encoding="UTF-8"?>
<!-- Generated by org.testng.reporters.JUnitReportReporter -->
<testsuite hostname="PHL3LF2SV3" failures="0" tests="1" name="magento.TC02" time="65.378" errors="0" timestamp="11 Nov 2024 08:03:38 GMT" skipped="0">
  <testcase classname="magento.TC02" name="TestCase002" time="65.378"/>
</testsuite> <!-- magento.TC02 -->
