<?xml version="1.0" encoding="UTF-8"?>
<!-- Generated by org.testng.reporters.JUnitReportReporter -->
<testsuite hostname="PHL3LF2SV3" failures="0" tests="1" name="magento.TC07" time="64.370" errors="0" timestamp="11 Nov 2024 08:19:05 GMT" skipped="0">
  <testcase classname="magento.TC07" name="TestCase007" time="64.370"/>
</testsuite> <!-- magento.TC07 -->
