<?xml version="1.0" encoding="UTF-8"?>
<!-- Generated by org.testng.reporters.JUnitReportReporter -->
<testsuite hostname="PHL3LF2SV3" failures="0" tests="1" name="magento.TC08" time="81.886" errors="0" timestamp="11 Nov 2024 08:20:37 GMT" skipped="0">
  <testcase classname="magento.TC08" name="TestCase008" time="81.886"/>
</testsuite> <!-- magento.TC08 -->
