<?xml version="1.0" encoding="UTF-8"?>
<!-- Generated by org.testng.reporters.JUnitReportReporter -->
<testsuite hostname="PHL3LF2SV3" failures="0" tests="1" name="magento.TC05" time="74.209" errors="0" timestamp="11 Nov 2024 08:08:12 GMT" skipped="0">
  <testcase classname="magento.TC05" name="TestCase005" time="74.209"/>
</testsuite> <!-- magento.TC05 -->
