<?xml version="1.0" encoding="UTF-8"?>
<!-- Generated by org.testng.reporters.JUnitReportReporter -->
<testsuite hostname="PHL3LF2SV3" failures="0" tests="1" name="magento.TC06" time="60.904" errors="0" timestamp="11 Nov 2024 08:09:25 GMT" skipped="0">
  <testcase classname="magento.TC06" name="TestCase006" time="60.904"/>
</testsuite> <!-- magento.TC06 -->
