<?xml version="1.0" encoding="UTF-8"?>
<!-- Generated by org.testng.reporters.JUnitReportReporter -->
<testsuite hostname="PHL3LF2SV3" failures="0" tests="1" name="magento.TC04" time="86.839" errors="0" timestamp="11 Nov 2024 08:06:48 GMT" skipped="0">
  <testcase classname="magento.TC04" name="TestCase004" time="86.839"/>
</testsuite> <!-- magento.TC04 -->
