<?xml version="1.0" encoding="UTF-8"?>
<!-- Generated by org.testng.reporters.JUnitReportReporter -->
<testsuite hostname="PHL3LF2SV3" failures="0" tests="1" name="magento.TC10" time="83.084" errors="0" timestamp="11 Nov 2024 08:32:08 GMT" skipped="0">
  <testcase classname="magento.TC10" name="TestCase010" time="83.084"/>
</testsuite> <!-- magento.TC10 -->
