<?xml version="1.0" encoding="UTF-8"?>
<!-- Generated by org.testng.reporters.JUnitReportReporter -->
<testsuite hostname="PHL3LF2SV3" failures="0" tests="1" name="magento.TC03" time="79.166" errors="0" timestamp="11 Nov 2024 08:05:10 GMT" skipped="0">
  <testcase classname="magento.TC03" name="TestCase003" time="79.166"/>
</testsuite> <!-- magento.TC03 -->
