<?xml version="1.0" encoding="UTF-8"?>
<!-- Generated by org.testng.reporters.JUnitReportReporter -->
<testsuite hostname="PHL3LF2SV3" failures="0" tests="1" name="tricentis.TC02" time="10.530" errors="0" timestamp="02 Oct 2024 01:41:00 GMT" skipped="0">
  <testcase classname="tricentis.TC02" name="TestCase002" time="10.530"/>
</testsuite> <!-- tricentis.TC02 -->
