<?xml version="1.0" encoding="UTF-8"?>
<!-- Generated by org.testng.reporters.JUnitReportReporter -->
<testsuite hostname="PHL3LF2SV3" failures="0" tests="1" name="magento.TC09" time="79.265" errors="0" timestamp="11 Nov 2024 08:22:10 GMT" skipped="0">
  <testcase classname="magento.TC09" name="TestCase009" time="79.265"/>
</testsuite> <!-- magento.TC09 -->
